# JRE version: Java(TM) SE Runtime Environment (8.0_211-b12) (build 1.8.0_211-b12)
# Java VM: Java HotSpot(TM) 64-Bit Server VM (25.211-b12 mixed mode windows-amd64 compressed oops)
Heap:
 PSYoungGen      total 123904K, used 14995K [0x00000000f5580000, 0x00000000fff00000, 0x0000000100000000)
  eden space 77824K, 16% used [0x00000000f5580000,0x00000000f61f35d0,0x00000000fa180000)
  from space 46080K, 4% used [0x00000000fcf00000,0x00000000fd1316b0,0x00000000ffc00000)
  to   space 46592K, 0% used [0x00000000fa180000,0x00000000fa180000,0x00000000fcf00000)
 ParOldGen       total 202240K, used 156635K [0x00000000e0000000, 0x00000000ec580000, 0x00000000f5580000)
  object space 202240K, 77% used [0x00000000e0000000,0x00000000e98f6e30,0x00000000ec580000)
 Metaspace       used 91377K, capacity 98180K, committed 98432K, reserved 1134592K
  class space    used 12021K, capacity 13362K, committed 13440K, reserved 1048576K
GC Heap History (10 events):
Event: 17314.444 GC heap before
{Heap before GC invocations=33 (full 3):
 PSYoungGen      total 124416K, used 85878K [0x00000000f5580000, 0x00000000fff80000, 0x0000000100000000)
  eden space 74752K, 100% used [0x00000000f5580000,0x00000000f9e80000,0x00000000f9e80000)
  from space 49664K, 22% used [0x00000000f9e80000,0x00000000fa95da68,0x00000000fcf00000)
  to   space 49664K, 0% used [0x00000000fcf00000,0x00000000fcf00000,0x00000000fff80000)
 ParOldGen       total 202240K, used 136787K [0x00000000e0000000, 0x00000000ec580000, 0x00000000f5580000)
  object space 202240K, 67% used [0x00000000e0000000,0x00000000e8594e20,0x00000000ec580000)
 Metaspace       used 89828K, capacity 96692K, committed 96768K, reserved 1132544K
  class space    used 11879K, capacity 13238K, committed 13312K, reserved 1048576K
Event: 17314.468 GC heap after
Heap after GC invocations=33 (full 3):
 PSYoungGen      total 124416K, used 13956K [0x00000000f5580000, 0x00000000fff00000, 0x0000000100000000)
  eden space 75264K, 0% used [0x00000000f5580000,0x00000000f5580000,0x00000000f9f00000)
  from space 49152K, 28% used [0x00000000fcf00000,0x00000000fdca12d8,0x00000000fff00000)
  to   space 49152K, 0% used [0x00000000f9f00000,0x00000000f9f00000,0x00000000fcf00000)
 ParOldGen       total 202240K, used 140651K [0x00000000e0000000, 0x00000000ec580000, 0x00000000f5580000)
  object space 202240K, 69% used [0x00000000e0000000,0x00000000e895ae20,0x00000000ec580000)
 Metaspace       used 89828K, capacity 96692K, committed 96768K, reserved 1132544K
  class space    used 11879K, capacity 13238K, committed 13312K, reserved 1048576K
}
Event: 17315.254 GC heap before
{Heap before GC invocations=34 (full 3):
 PSYoungGen      total 124416K, used 89220K [0x00000000f5580000, 0x00000000fff00000, 0x0000000100000000)
  eden space 75264K, 100% used [0x00000000f5580000,0x00000000f9f00000,0x00000000f9f00000)
  from space 49152K, 28% used [0x00000000fcf00000,0x00000000fdca12d8,0x00000000fff00000)
  to   space 49152K, 0% used [0x00000000f9f00000,0x00000000f9f00000,0x00000000fcf00000)
 ParOldGen       total 202240K, used 140651K [0x00000000e0000000, 0x00000000ec580000, 0x00000000f5580000)
  object space 202240K, 69% used [0x00000000e0000000,0x00000000e895ae20,0x00000000ec580000)
 Metaspace       used 89925K, capacity 96756K, committed 97024K, reserved 1132544K
  class space    used 11879K, capacity 13238K, committed 13312K, reserved 1048576K
Event: 17315.268 GC heap after
Heap after GC invocations=34 (full 3):
 PSYoungGen      total 124416K, used 13366K [0x00000000f5580000, 0x00000000ffe00000, 0x0000000100000000)
  eden space 75264K, 0% used [0x00000000f5580000,0x00000000f5580000,0x00000000f9f00000)
  from space 49152K, 27% used [0x00000000f9f00000,0x00000000fac0da28,0x00000000fcf00000)
  to   space 48128K, 0% used [0x00000000fcf00000,0x00000000fcf00000,0x00000000ffe00000)
 ParOldGen       total 202240K, used 144067K [0x00000000e0000000, 0x00000000ec580000, 0x00000000f5580000)
  object space 202240K, 71% used [0x00000000e0000000,0x00000000e8cb0f58,0x00000000ec580000)
 Metaspace       used 89925K, capacity 96756K, committed 97024K, reserved 1132544K
  class space    used 11879K, capacity 13238K, committed 13312K, reserved 1048576K
}
Event: 17316.549 GC heap before
{Heap before GC invocations=35 (full 3):
 PSYoungGen      total 124416K, used 88630K [0x00000000f5580000, 0x00000000ffe00000, 0x0000000100000000)
  eden space 75264K, 100% used [0x00000000f5580000,0x00000000f9f00000,0x00000000f9f00000)
  from space 49152K, 27% used [0x00000000f9f00000,0x00000000fac0da28,0x00000000fcf00000)
  to   space 48128K, 0% used [0x00000000fcf00000,0x00000000fcf00000,0x00000000ffe00000)
 ParOldGen       total 202240K, used 144067K [0x00000000e0000000, 0x00000000ec580000, 0x00000000f5580000)
  object space 202240K, 71% used [0x00000000e0000000,0x00000000e8cb0f58,0x00000000ec580000)
 Metaspace       used 90159K, capacity 96932K, committed 97024K, reserved 1132544K
  class space    used 11914K, capacity 13246K, committed 13312K, reserved 1048576K
Event: 17316.561 GC heap after
Heap after GC invocations=35 (full 3):
 PSYoungGen      total 124416K, used 7667K [0x00000000f5580000, 0x00000000fff00000, 0x0000000100000000)
  eden space 76288K, 0% used [0x00000000f5580000,0x00000000f5580000,0x00000000fa000000)
  from space 48128K, 15% used [0x00000000fcf00000,0x00000000fd67cca8,0x00000000ffe00000)
  to   space 48128K, 0% used [0x00000000fa000000,0x00000000fa000000,0x00000000fcf00000)
 ParOldGen       total 202240K, used 149745K [0x00000000e0000000, 0x00000000ec580000, 0x00000000f5580000)
  object space 202240K, 74% used [0x00000000e0000000,0x00000000e923c5c8,0x00000000ec580000)
 Metaspace       used 90159K, capacity 96932K, committed 97024K, reserved 1132544K
  class space    used 11914K, capacity 13246K, committed 13312K, reserved 1048576K
}
Event: 17318.768 GC heap before
{Heap before GC invocations=36 (full 3):
 PSYoungGen      total 124416K, used 83955K [0x00000000f5580000, 0x00000000fff00000, 0x0000000100000000)
  eden space 76288K, 100% used [0x00000000f5580000,0x00000000fa000000,0x00000000fa000000)
  from space 48128K, 15% used [0x00000000fcf00000,0x00000000fd67cca8,0x00000000ffe00000)
  to   space 48128K, 0% used [0x00000000fa000000,0x00000000fa000000,0x00000000fcf00000)
 ParOldGen       total 202240K, used 149745K [0x00000000e0000000, 0x00000000ec580000, 0x00000000f5580000)
  object space 202240K, 74% used [0x00000000e0000000,0x00000000e923c5c8,0x00000000ec580000)
 Metaspace       used 90883K, capacity 97660K, committed 97920K, reserved 1134592K
  class space    used 11974K, capacity 13314K, committed 13440K, reserved 1048576K
Event: 17318.785 GC heap after
Heap after GC invocations=36 (full 3):
 PSYoungGen      total 124416K, used 15169K [0x00000000f5580000, 0x00000000ffc00000, 0x0000000100000000)
  eden space 76288K, 0% used [0x00000000f5580000,0x00000000f5580000,0x00000000fa000000)
  from space 48128K, 31% used [0x00000000fa000000,0x00000000faed04d8,0x00000000fcf00000)
  to   space 46080K, 0% used [0x00000000fcf00000,0x00000000fcf00000,0x00000000ffc00000)
 ParOldGen       total 202240K, used 155983K [0x00000000e0000000, 0x00000000ec580000, 0x00000000f5580000)
  object space 202240K, 77% used [0x00000000e0000000,0x00000000e9853ee8,0x00000000ec580000)
 Metaspace       used 90883K, capacity 97660K, committed 97920K, reserved 1134592K
  class space    used 11974K, capacity 13314K, committed 13440K, reserved 1048576K
}
Event: 17320.162 GC heap before
{Heap before GC invocations=37 (full 3):
 PSYoungGen      total 124416K, used 91457K [0x00000000f5580000, 0x00000000ffc00000, 0x0000000100000000)
  eden space 76288K, 100% used [0x00000000f5580000,0x00000000fa000000,0x00000000fa000000)
  from space 48128K, 31% used [0x00000000fa000000,0x00000000faed04d8,0x00000000fcf00000)
  to   space 46080K, 0% used [0x00000000fcf00000,0x00000000fcf00000,0x00000000ffc00000)
 ParOldGen       total 202240K, used 155983K [0x00000000e0000000, 0x00000000ec580000, 0x00000000f5580000)
  object space 202240K, 77% used [0x00000000e0000000,0x00000000e9853ee8,0x00000000ec580000)
 Metaspace       used 91355K, capacity 98180K, committed 98432K, reserved 1134592K
  class space    used 12017K, capacity 13362K, committed 13440K, reserved 1048576K
Event: 17320.174 GC heap after
Heap after GC invocations=37 (full 3):
 PSYoungGen      total 123904K, used 2245K [0x00000000f5580000, 0x00000000fff00000, 0x0000000100000000)
  eden space 77824K, 0% used [0x00000000f5580000,0x00000000f5580000,0x00000000fa180000)
  from space 46080K, 4% used [0x00000000fcf00000,0x00000000fd1316b0,0x00000000ffc00000)
  to   space 46592K, 0% used [0x00000000fa180000,0x00000000fa180000,0x00000000fcf00000)
 ParOldGen       total 202240K, used 156635K [0x00000000e0000000, 0x00000000ec580000, 0x00000000f5580000)
  object space 202240K, 77% used [0x00000000e0000000,0x00000000e98f6e30,0x00000000ec580000)
 Metaspace       used 91355K, capacity 98180K, committed 98432K, reserved 1134592K
  class space    used 12017K, capacity 13362K, committed 13440K, reserved 1048576K
}

